<?xml version="1.0" encoding="UTF-8"?>
<testsuite name="MoodAnalayserTest" tests="1" skipped="0" failures="0" errors="0" timestamp="2019-11-25T06:15:19" hostname="admin1-desktop" time="0.005">
  <properties/>
  <testcase name="giveNullPointerException" classname="MoodAnalayserTest" time="0.005"/>
  <system-out><![CDATA[]]></system-out>
  <system-err><![CDATA[]]></system-err>
</testsuite>
