<?xml version="1.0" encoding="UTF-8"?>
<testsuite name="com.moodanalyser.MoodAnalayserTest" tests="10" skipped="0" failures="0" errors="0" timestamp="2019-11-27T11:41:31" hostname="admin1-desktop" time="0.008">
  <properties/>
  <testcase name="givenMoodAnalyser_OnChangedMood_shoudlReturnHappy" classname="com.moodanalyser.MoodAnalayserTest" time="0.002"/>
  <testcase name="giveNullPointerException" classname="com.moodanalyser.MoodAnalayserTest" time="0.001"/>
  <testcase name="givenMoodAnalyser_whenProper_shouldReturnObject" classname="com.moodanalyser.MoodAnalayserTest" time="0.001"/>
  <testcase name="givenHappyMesssage_withReflection_shouldReturnHappy" classname="com.moodanalyser.MoodAnalayserTest" time="0.0"/>
  <testcase name="giveNullPointerExceptionUsingEnum" classname="com.moodanalyser.MoodAnalayserTest" time="0.0"/>
  <testcase name="givenEmptyExceptionUsingEnum" classname="com.moodanalyser.MoodAnalayserTest" time="0.0"/>
  <testcase name="givenHappyMessage_whenDefaultConstructor_shouldReturnHappy" classname="com.moodanalyser.MoodAnalayserTest" time="0.0"/>
  <testcase name="givenMessage_whenHappy_shouldReturnHappy" classname="com.moodanalyser.MoodAnalayserTest" time="0.002"/>
  <testcase name="givenObject_whenProper_shouldReturnObjectUsingReflector" classname="com.moodanalyser.MoodAnalayserTest" time="0.0"/>
  <testcase name="givenMessage_whenSad_shouldReturnSad" classname="com.moodanalyser.MoodAnalayserTest" time="0.0"/>
  <system-out><![CDATA[]]></system-out>
  <system-err><![CDATA[]]></system-err>
</testsuite>
