<?xml version="1.0" encoding="UTF-8"?>
<testsuite name="com.generics.MaximumNumberTest" tests="3" skipped="0" failures="0" errors="0" timestamp="2019-11-28T09:53:39" hostname="admin1-desktop" time="0.002">
  <properties/>
  <testcase name="givenThreeNumberRandom_whenProper_shouldGiveMaximumNumber" classname="com.generics.MaximumNumberTest" time="0.001"/>
  <testcase name="givenIntegerThreeNumber_whenProper_shouldGiveMaximumNumber" classname="com.generics.MaximumNumberTest" time="0.0"/>
  <testcase name="givenThreeDoubleNumber_whenProper_shouldGiveMaximumNumber" classname="com.generics.MaximumNumberTest" time="0.0"/>
  <system-out><![CDATA[]]></system-out>
  <system-err><![CDATA[]]></system-err>
</testsuite>
